# JRE version: Java(TM) SE Runtime Environment (8.0_65-b17) (build 1.8.0_65-b17)
# Java VM: Java HotSpot(TM) 64-Bit Server VM (25.65-b01 mixed mode windows-amd64 compressed oops)
Heap:
 PSYoungGen      total 379904K, used 163640K [0x0000000780600000, 0x000000079dc80000, 0x00000007c0000000)
  eden space 358912K, 43% used [0x0000000780600000,0x0000000789f3f2a0,0x0000000796480000)
  from space 20992K, 31% used [0x0000000796480000,0x0000000796b0ee70,0x0000000797900000)
  to   space 20992K, 0% used [0x000000079c800000,0x000000079c800000,0x000000079dc80000)
 ParOldGen       total 162816K, used 43167K [0x0000000701200000, 0x000000070b100000, 0x0000000780600000)
  object space 162816K, 26% used [0x0000000701200000,0x0000000703c27ed8,0x000000070b100000)
 Metaspace       used 64611K, capacity 67880K, committed 67992K, reserved 1107968K
  class space    used 8828K, capacity 9338K, committed 9384K, reserved 1048576K
GC Heap History (10 events):
Event: 19.799 GC heap before
{Heap before GC invocations=12 (full 2):
 PSYoungGen      total 270336K, used 54078K [0x0000000780600000, 0x0000000794180000, 0x00000007c0000000)
  eden space 257024K, 15% used [0x0000000780600000,0x0000000782dd2e78,0x0000000790100000)
  from space 13312K, 99% used [0x0000000790100000,0x0000000790dfcc50,0x0000000790e00000)
  to   space 16896K, 0% used [0x0000000793100000,0x0000000793100000,0x0000000794180000)
 ParOldGen       total 116736K, used 23223K [0x0000000701200000, 0x0000000708400000, 0x0000000780600000)
  object space 116736K, 19% used [0x0000000701200000,0x00000007028add68,0x0000000708400000)
 Metaspace       used 56401K, capacity 59118K, committed 59160K, reserved 1099776K
  class space    used 7782K, capacity 8229K, committed 8232K, reserved 1048576K
Event: 19.823 GC heap after
Heap after GC invocations=12 (full 2):
 PSYoungGen      total 306688K, used 9587K [0x0000000780600000, 0x0000000797300000, 0x00000007c0000000)
  eden space 289792K, 0% used [0x0000000780600000,0x0000000780600000,0x0000000792100000)
  from space 16896K, 56% used [0x0000000793100000,0x0000000793a5cee0,0x0000000794180000)
  to   space 16384K, 0% used [0x0000000792100000,0x0000000792100000,0x0000000793100000)
 ParOldGen       total 116736K, used 27226K [0x0000000701200000, 0x0000000708400000, 0x0000000780600000)
  object space 116736K, 23% used [0x0000000701200000,0x0000000702c96a80,0x0000000708400000)
 Metaspace       used 56401K, capacity 59118K, committed 59160K, reserved 1099776K
  class space    used 7782K, capacity 8229K, committed 8232K, reserved 1048576K
}
Event: 19.823 GC heap before
{Heap before GC invocations=13 (full 3):
 PSYoungGen      total 306688K, used 9587K [0x0000000780600000, 0x0000000797300000, 0x00000007c0000000)
  eden space 289792K, 0% used [0x0000000780600000,0x0000000780600000,0x0000000792100000)
  from space 16896K, 56% used [0x0000000793100000,0x0000000793a5cee0,0x0000000794180000)
  to   space 16384K, 0% used [0x0000000792100000,0x0000000792100000,0x0000000793100000)
 ParOldGen       total 116736K, used 27226K [0x0000000701200000, 0x0000000708400000, 0x0000000780600000)
  object space 116736K, 23% used [0x0000000701200000,0x0000000702c96a80,0x0000000708400000)
 Metaspace       used 56401K, capacity 59118K, committed 59160K, reserved 1099776K
  class space    used 7782K, capacity 8229K, committed 8232K, reserved 1048576K
Event: 20.095 GC heap after
Heap after GC invocations=13 (full 3):
 PSYoungGen      total 306688K, used 0K [0x0000000780600000, 0x0000000797300000, 0x00000007c0000000)
  eden space 289792K, 0% used [0x0000000780600000,0x0000000780600000,0x0000000792100000)
  from space 16896K, 0% used [0x0000000793100000,0x0000000793100000,0x0000000794180000)
  to   space 16384K, 0% used [0x0000000792100000,0x0000000792100000,0x0000000793100000)
 ParOldGen       total 162816K, used 26013K [0x0000000701200000, 0x000000070b100000, 0x0000000780600000)
  object space 162816K, 15% used [0x0000000701200000,0x0000000702b67578,0x000000070b100000)
 Metaspace       used 56401K, capacity 59118K, committed 59160K, reserved 1099776K
  class space    used 7782K, capacity 8229K, committed 8232K, reserved 1048576K
}
Event: 26.593 GC heap before
{Heap before GC invocations=14 (full 3):
 PSYoungGen      total 306688K, used 289792K [0x0000000780600000, 0x0000000797300000, 0x00000007c0000000)
  eden space 289792K, 100% used [0x0000000780600000,0x0000000792100000,0x0000000792100000)
  from space 16896K, 0% used [0x0000000793100000,0x0000000793100000,0x0000000794180000)
  to   space 16384K, 0% used [0x0000000792100000,0x0000000792100000,0x0000000793100000)
 ParOldGen       total 162816K, used 26013K [0x0000000701200000, 0x000000070b100000, 0x0000000780600000)
  object space 162816K, 15% used [0x0000000701200000,0x0000000702b67578,0x000000070b100000)
 Metaspace       used 58231K, capacity 61114K, committed 61336K, reserved 1101824K
  class space    used 8040K, capacity 8519K, committed 8616K, reserved 1048576K
Event: 26.624 GC heap after
Heap after GC invocations=14 (full 3):
 PSYoungGen      total 306176K, used 13073K [0x0000000780600000, 0x0000000798b00000, 0x00000007c0000000)
  eden space 289792K, 0% used [0x0000000780600000,0x0000000780600000,0x0000000792100000)
  from space 16384K, 79% used [0x0000000792100000,0x0000000792dc4630,0x0000000793100000)
  to   space 16896K, 0% used [0x0000000797a80000,0x0000000797a80000,0x0000000798b00000)
 ParOldGen       total 162816K, used 26021K [0x0000000701200000, 0x000000070b100000, 0x0000000780600000)
  object space 162816K, 15% used [0x0000000701200000,0x0000000702b69578,0x000000070b100000)
 Metaspace       used 58231K, capacity 61114K, committed 61336K, reserved 1101824K
  class space    used 8040K, capacity 8519K, committed 8616K, reserved 1048576K
}
Event: 35.085 GC heap before
{Heap before GC invocations=15 (full 3):
 PSYoungGen      total 306176K, used 302865K [0x0000000780600000, 0x0000000798b00000, 0x00000007c0000000)
  eden space 289792K, 100% used [0x0000000780600000,0x0000000792100000,0x0000000792100000)
  from space 16384K, 79% used [0x0000000792100000,0x0000000792dc4630,0x0000000793100000)
  to   space 16896K, 0% used [0x0000000797a80000,0x0000000797a80000,0x0000000798b00000)
 ParOldGen       total 162816K, used 26021K [0x0000000701200000, 0x000000070b100000, 0x0000000780600000)
  object space 162816K, 15% used [0x0000000701200000,0x0000000702b69578,0x000000070b100000)
 Metaspace       used 63902K, capacity 66888K, committed 67224K, reserved 1107968K
  class space    used 8788K, capacity 9278K, committed 9384K, reserved 1048576K
Event: 35.138 GC heap after
Heap after GC invocations=15 (full 3):
 PSYoungGen      total 375808K, used 16868K [0x0000000780600000, 0x0000000798d80000, 0x00000007c0000000)
  eden space 358912K, 0% used [0x0000000780600000,0x0000000780600000,0x0000000796480000)
  from space 16896K, 99% used [0x0000000797a80000,0x0000000798af93a0,0x0000000798b00000)
  to   space 20992K, 0% used [0x0000000796480000,0x0000000796480000,0x0000000797900000)
 ParOldGen       total 162816K, used 31587K [0x0000000701200000, 0x000000070b100000, 0x0000000780600000)
  object space 162816K, 19% used [0x0000000701200000,0x00000007030d8d48,0x000000070b100000)
 Metaspace       used 63902K, capacity 66888K, committed 67224K, reserved 1107968K
  class space    used 8788K, capacity 9278K, committed 9384K, reserved 1048576K
}
Event: 41.489 GC heap before
{Heap before GC invocations=16 (full 3):
 PSYoungGen      total 375808K, used 375780K [0x0000000780600000, 0x0000000798d80000, 0x00000007c0000000)
  eden space 358912K, 100% used [0x0000000780600000,0x0000000796480000,0x0000000796480000)
  from space 16896K, 99% used [0x0000000797a80000,0x0000000798af93a0,0x0000000798b00000)
  to   space 20992K, 0% used [0x0000000796480000,0x0000000796480000,0x0000000797900000)
 ParOldGen       total 162816K, used 31587K [0x0000000701200000, 0x000000070b100000, 0x0000000780600000)
  object space 162816K, 19% used [0x0000000701200000,0x00000007030d8d48,0x000000070b100000)
 Metaspace       used 64418K, capacity 67650K, committed 67736K, reserved 1107968K
  class space    used 8823K, capacity 9333K, committed 9384K, reserved 1048576K
Event: 41.536 GC heap after
Heap after GC invocations=16 (full 3):
 PSYoungGen      total 379904K, used 6715K [0x0000000780600000, 0x000000079dc80000, 0x00000007c0000000)
  eden space 358912K, 0% used [0x0000000780600000,0x0000000780600000,0x0000000796480000)
  from space 20992K, 31% used [0x0000000796480000,0x0000000796b0ee70,0x0000000797900000)
  to   space 20992K, 0% used [0x000000079c800000,0x000000079c800000,0x000000079dc80000)
 ParOldGen       total 162816K, used 43167K [0x0000000701200000, 0x000000070b100000, 0x0000000780600000)
  object space 162816K, 26% used [0x0000000701200000,0x0000000703c27ed8,0x000000070b100000)
 Metaspace       used 64418K, capacity 67650K, committed 67736K, reserved 1107968K
  class space    used 8823K, capacity 9333K, committed 9384K, reserved 1048576K
}

